<?xml version="1.0" encoding="UTF-8"?>
<coverage generated="1581999331168" clover="3.2.0">
  <project timestamp="1581999331168" name="All files">
    <metrics statements="10" coveredstatements="8" conditionals="0" coveredconditionals="0" methods="1" coveredmethods="0" elements="11" coveredelements="8" complexity="0" loc="10" ncloc="10" packages="1" files="1" classes="1"/>
    <file name="server.js" path="/Users/cliff/coding/Tutorials/webpack-tutorial-sandbox/server/server.js">
      <metrics statements="10" coveredstatements="8" conditionals="0" coveredconditionals="0" methods="1" coveredmethods="0"/>
      <line num="1" count="1" type="stmt"/>
      <line num="2" count="1" type="stmt"/>
      <line num="4" count="1" type="stmt"/>
      <line num="5" count="1" type="stmt"/>
      <line num="6" count="1" type="stmt"/>
      <line num="8" count="1" type="stmt"/>
      <line num="11" count="1" type="stmt"/>
      <line num="13" count="0" type="stmt"/>
      <line num="14" count="0" type="stmt"/>
      <line num="17" count="1" type="stmt"/>
    </file>
  </project>
</coverage>
