<?xml version="1.0" encoding="UTF-8"?>
<coverage generated="1582760468928" clover="3.2.0">
  <project timestamp="1582760468928" name="All files">
    <metrics statements="35" coveredstatements="32" conditionals="2" coveredconditionals="1" methods="11" coveredmethods="9" elements="48" coveredelements="42" complexity="0" loc="35" ncloc="35" packages="5" files="6" classes="6"/>
    <package name="webpack-tutorial-sandbox">
      <metrics statements="1" coveredstatements="1" conditionals="0" coveredconditionals="0" methods="0" coveredmethods="0"/>
      <file name="knexfile.js" path="/Users/cliff/coding/Tutorials/webpack-tutorial-sandbox/knexfile.js">
        <metrics statements="1" coveredstatements="1" conditionals="0" coveredconditionals="0" methods="0" coveredmethods="0"/>
        <line num="3" count="1" type="stmt"/>
      </file>
    </package>
    <package name="webpack-tutorial-sandbox.server">
      <metrics statements="10" coveredstatements="8" conditionals="0" coveredconditionals="0" methods="1" coveredmethods="0"/>
      <file name="server.js" path="/Users/cliff/coding/Tutorials/webpack-tutorial-sandbox/server/server.js">
        <metrics statements="10" coveredstatements="8" conditionals="0" coveredconditionals="0" methods="1" coveredmethods="0"/>
        <line num="1" count="1" type="stmt"/>
        <line num="2" count="1" type="stmt"/>
        <line num="4" count="1" type="stmt"/>
        <line num="5" count="1" type="stmt"/>
        <line num="6" count="1" type="stmt"/>
        <line num="8" count="1" type="stmt"/>
        <line num="11" count="1" type="stmt"/>
        <line num="13" count="0" type="stmt"/>
        <line num="14" count="0" type="stmt"/>
        <line num="18" count="1" type="stmt"/>
      </file>
    </package>
    <package name="webpack-tutorial-sandbox.server.db">
      <metrics statements="12" coveredstatements="12" conditionals="2" coveredconditionals="1" methods="5" coveredmethods="5"/>
      <file name="index.js" path="/Users/cliff/coding/Tutorials/webpack-tutorial-sandbox/server/db/index.js">
        <metrics statements="5" coveredstatements="5" conditionals="2" coveredconditionals="1" methods="1" coveredmethods="1"/>
        <line num="1" count="1" type="stmt"/>
        <line num="2" count="1" type="stmt"/>
        <line num="4" count="1" type="stmt"/>
        <line num="6" count="1" type="cond" truecount="1" falsecount="1"/>
        <line num="7" count="1" type="stmt"/>
      </file>
      <file name="test-environment.js" path="/Users/cliff/coding/Tutorials/webpack-tutorial-sandbox/server/db/test-environment.js">
        <metrics statements="7" coveredstatements="7" conditionals="0" coveredconditionals="0" methods="4" coveredmethods="4"/>
        <line num="1" count="1" type="stmt"/>
        <line num="3" count="1" type="stmt"/>
        <line num="5" count="1" type="stmt"/>
        <line num="7" count="1" type="stmt"/>
        <line num="12" count="1" type="stmt"/>
        <line num="14" count="1" type="stmt"/>
        <line num="20" count="1" type="stmt"/>
      </file>
    </package>
    <package name="webpack-tutorial-sandbox.server.db.migrations">
      <metrics statements="7" coveredstatements="6" conditionals="0" coveredconditionals="0" methods="3" coveredmethods="2"/>
      <file name="20200226175420_users.js" path="/Users/cliff/coding/Tutorials/webpack-tutorial-sandbox/server/db/migrations/20200226175420_users.js">
        <metrics statements="7" coveredstatements="6" conditionals="0" coveredconditionals="0" methods="3" coveredmethods="2"/>
        <line num="1" count="1" type="stmt"/>
        <line num="2" count="1" type="stmt"/>
        <line num="3" count="1" type="stmt"/>
        <line num="4" count="1" type="stmt"/>
        <line num="5" count="1" type="stmt"/>
        <line num="9" count="1" type="stmt"/>
        <line num="10" count="0" type="stmt"/>
      </file>
    </package>
    <package name="webpack-tutorial-sandbox.server.db.seeds.test">
      <metrics statements="5" coveredstatements="5" conditionals="0" coveredconditionals="0" methods="2" coveredmethods="2"/>
      <file name="test-users.js" path="/Users/cliff/coding/Tutorials/webpack-tutorial-sandbox/server/db/seeds/test/test-users.js">
        <metrics statements="5" coveredstatements="5" conditionals="0" coveredconditionals="0" methods="2" coveredmethods="2"/>
        <line num="1" count="1" type="stmt"/>
        <line num="9" count="1" type="stmt"/>
        <line num="11" count="1" type="stmt"/>
        <line num="13" count="1" type="stmt"/>
        <line num="16" count="1" type="stmt"/>
      </file>
    </package>
  </project>
</coverage>
