{"/Users/cliff/coding/Tutorials/webpack-tutorial-sandbox/knexfile.js": {"path":"/Users/cliff/coding/Tutorials/webpack-tutorial-sandbox/knexfile.js","statementMap":{"0":{"start":{"line":3,"column":0},"end":{"line":67,"column":2}}},"fnMap":{},"branchMap":{},"s":{"0":1},"f":{},"b":{},"_coverageSchema":"1a1c01bbd47fc00a2c39e90264f33305004495a9","hash":"7ce8665eae946128d0cff276b872e154c7964a9c"}
,"/Users/cliff/coding/Tutorials/webpack-tutorial-sandbox/server/server.js": {"path":"/Users/cliff/coding/Tutorials/webpack-tutorial-sandbox/server/server.js","statementMap":{"0":{"start":{"line":1,"column":16},"end":{"line":1,"column":34}},"1":{"start":{"line":2,"column":11},"end":{"line":2,"column":26}},"2":{"start":{"line":4,"column":15},"end":{"line":4,"column":24}},"3":{"start":{"line":5,"column":0},"end":{"line":5,"column":60}},"4":{"start":{"line":6,"column":0},"end":{"line":6,"column":51}},"5":{"start":{"line":8,"column":16},"end":{"line":8,"column":57}},"6":{"start":{"line":11,"column":0},"end":{"line":16,"column":6}},"7":{"start":{"line":13,"column":8},"end":{"line":13,"column":23}},"8":{"start":{"line":14,"column":8},"end":{"line":14,"column":32}},"9":{"start":{"line":18,"column":0},"end":{"line":18,"column":23}}},"fnMap":{"0":{"name":"(anonymous_0)","decl":{"start":{"line":12,"column":14},"end":{"line":12,"column":15}},"loc":{"start":{"line":12,"column":33},"end":{"line":16,"column":5}},"line":12}},"branchMap":{},"s":{"0":1,"1":1,"2":1,"3":1,"4":1,"5":1,"6":1,"7":0,"8":0,"9":1},"f":{"0":0},"b":{},"_coverageSchema":"1a1c01bbd47fc00a2c39e90264f33305004495a9","hash":"790d8987039e7abfd4dc7da1815ce751dcb579ba"}
,"/Users/cliff/coding/Tutorials/webpack-tutorial-sandbox/server/db/index.js": {"path":"/Users/cliff/coding/Tutorials/webpack-tutorial-sandbox/server/db/index.js","statementMap":{"0":{"start":{"line":1,"column":15},"end":{"line":1,"column":52}},"1":{"start":{"line":2,"column":12},"end":{"line":2,"column":35}},"2":{"start":{"line":4,"column":0},"end":{"line":9,"column":1}},"3":{"start":{"line":6,"column":19},"end":{"line":6,"column":34}},"4":{"start":{"line":7,"column":8},"end":{"line":7,"column":35}}},"fnMap":{"0":{"name":"(anonymous_0)","decl":{"start":{"line":5,"column":17},"end":{"line":5,"column":18}},"loc":{"start":{"line":5,"column":34},"end":{"line":8,"column":5}},"line":5}},"branchMap":{"0":{"loc":{"start":{"line":6,"column":19},"end":{"line":6,"column":34}},"type":"binary-expr","locations":[{"start":{"line":6,"column":19},"end":{"line":6,"column":25}},{"start":{"line":6,"column":29},"end":{"line":6,"column":34}}],"line":6}},"s":{"0":1,"1":1,"2":1,"3":1,"4":1},"f":{"0":1},"b":{"0":[1,0]},"_coverageSchema":"1a1c01bbd47fc00a2c39e90264f33305004495a9","hash":"5ae20cc7fd45b090459079d005b682c8e47f606a"}
,"/Users/cliff/coding/Tutorials/webpack-tutorial-sandbox/server/db/test-environment.js": {"path":"/Users/cliff/coding/Tutorials/webpack-tutorial-sandbox/server/db/test-environment.js","statementMap":{"0":{"start":{"line":1,"column":18},"end":{"line":1,"column":33}},"1":{"start":{"line":3,"column":17},"end":{"line":3,"column":47}},"2":{"start":{"line":5,"column":0},"end":{"line":22,"column":1}},"3":{"start":{"line":7,"column":21},"end":{"line":7,"column":42}},"4":{"start":{"line":12,"column":8},"end":{"line":15,"column":14}},"5":{"start":{"line":14,"column":16},"end":{"line":14,"column":36}},"6":{"start":{"line":20,"column":8},"end":{"line":20,"column":27}}},"fnMap":{"0":{"name":"(anonymous_0)","decl":{"start":{"line":7,"column":15},"end":{"line":7,"column":16}},"loc":{"start":{"line":7,"column":21},"end":{"line":7,"column":42}},"line":7},"1":{"name":"(anonymous_1)","decl":{"start":{"line":11,"column":16},"end":{"line":11,"column":17}},"loc":{"start":{"line":11,"column":24},"end":{"line":16,"column":5}},"line":11},"2":{"name":"(anonymous_2)","decl":{"start":{"line":13,"column":18},"end":{"line":13,"column":19}},"loc":{"start":{"line":13,"column":24},"end":{"line":15,"column":13}},"line":13},"3":{"name":"(anonymous_3)","decl":{"start":{"line":19,"column":13},"end":{"line":19,"column":14}},"loc":{"start":{"line":19,"column":21},"end":{"line":21,"column":5}},"line":19}},"branchMap":{},"s":{"0":1,"1":1,"2":1,"3":1,"4":1,"5":1,"6":1},"f":{"0":1,"1":1,"2":1,"3":1},"b":{},"_coverageSchema":"1a1c01bbd47fc00a2c39e90264f33305004495a9","hash":"46f93d942df3de6c3f4446dd58c9269c4f4e43ed"}
,"/Users/cliff/coding/Tutorials/webpack-tutorial-sandbox/server/db/migrations/20200226175420_users.js": {"path":"/Users/cliff/coding/Tutorials/webpack-tutorial-sandbox/server/db/migrations/20200226175420_users.js","statementMap":{"0":{"start":{"line":1,"column":0},"end":{"line":7,"column":2}},"1":{"start":{"line":2,"column":4},"end":{"line":6,"column":6}},"2":{"start":{"line":3,"column":8},"end":{"line":3,"column":30}},"3":{"start":{"line":4,"column":8},"end":{"line":4,"column":28}},"4":{"start":{"line":5,"column":8},"end":{"line":5,"column":32}},"5":{"start":{"line":9,"column":0},"end":{"line":11,"column":2}},"6":{"start":{"line":10,"column":4},"end":{"line":10,"column":41}}},"fnMap":{"0":{"name":"(anonymous_0)","decl":{"start":{"line":1,"column":13},"end":{"line":1,"column":14}},"loc":{"start":{"line":1,"column":28},"end":{"line":7,"column":1}},"line":1},"1":{"name":"(anonymous_1)","decl":{"start":{"line":2,"column":44},"end":{"line":2,"column":45}},"loc":{"start":{"line":2,"column":53},"end":{"line":6,"column":5}},"line":2},"2":{"name":"(anonymous_2)","decl":{"start":{"line":9,"column":15},"end":{"line":9,"column":16}},"loc":{"start":{"line":9,"column":30},"end":{"line":11,"column":1}},"line":9}},"branchMap":{},"s":{"0":1,"1":1,"2":1,"3":1,"4":1,"5":1,"6":0},"f":{"0":1,"1":1,"2":0},"b":{},"_coverageSchema":"1a1c01bbd47fc00a2c39e90264f33305004495a9","hash":"32c7e51fb194a7be3d71681d845e27d3c9706952"}
,"/Users/cliff/coding/Tutorials/webpack-tutorial-sandbox/server/db/seeds/test/test-users.js": {"path":"/Users/cliff/coding/Tutorials/webpack-tutorial-sandbox/server/db/seeds/test/test-users.js","statementMap":{"0":{"start":{"line":1,"column":13},"end":{"line":7,"column":1}},"1":{"start":{"line":9,"column":0},"end":{"line":9,"column":20}},"2":{"start":{"line":11,"column":0},"end":{"line":18,"column":2}},"3":{"start":{"line":13,"column":4},"end":{"line":17,"column":11}},"4":{"start":{"line":16,"column":12},"end":{"line":16,"column":46}}},"fnMap":{"0":{"name":"(anonymous_0)","decl":{"start":{"line":11,"column":15},"end":{"line":11,"column":16}},"loc":{"start":{"line":11,"column":30},"end":{"line":18,"column":1}},"line":11},"1":{"name":"(anonymous_1)","decl":{"start":{"line":14,"column":14},"end":{"line":14,"column":15}},"loc":{"start":{"line":14,"column":25},"end":{"line":17,"column":9}},"line":14}},"branchMap":{},"s":{"0":1,"1":1,"2":1,"3":1,"4":1},"f":{"0":1,"1":1},"b":{},"_coverageSchema":"1a1c01bbd47fc00a2c39e90264f33305004495a9","hash":"149764558171eb5b6d4dddc468cef25cf6820886"}
}
